#! /usr/bin/vvp
:ivl_version "10.3 (stable)";
:ivl_delay_selection "TYPICAL";
:vpi_time_precision + 0;
:vpi_module "system";
:vpi_module "vhdl_sys";
:vpi_module "v2005_math";
:vpi_module "va_math";
S_0x55a5fa545930 .scope module, "cpu" "cpu" 2 14;
 .timescale 0 0;
    .port_info 0 /INPUT 1 "clk"
    .port_info 1 /INPUT 1 "reset"
    .port_info 2 /OUTPUT 32 "iaddr"
    .port_info 3 /INPUT 32 "idata"
    .port_info 4 /OUTPUT 32 "daddr"
    .port_info 5 /INPUT 32 "drdata"
    .port_info 6 /OUTPUT 32 "dwdata"
    .port_info 7 /OUTPUT 4 "dwe"
L_0x55a5fa5ad330 .functor AND 1, v0x55a5fa5aa190_0, L_0x55a5fa5ad290, C4<1>, C4<1>;
v0x55a5fa5ab570_0 .net "PC_next", 31 0, v0x55a5fa5a9790_0;  1 drivers
v0x55a5fa5ab680_0 .net *"_s1", 0 0, L_0x55a5fa5ad290;  1 drivers
v0x55a5fa5ab720_0 .net "alu_op", 5 0, v0x55a5fa5a9870_0;  1 drivers
o0x7f903d03ea38 .functor BUFZ 1, C4<z>; HiZ drive
v0x55a5fa5ab7f0_0 .net "clk", 0 0, o0x7f903d03ea38;  0 drivers
v0x55a5fa5ab890_0 .var "daddr", 31 0;
o0x7f903d03e5b8 .functor BUFZ 32, C4<zzzzzzzzzzzzzzzzzzzzzzzzzzzzzzzz>; HiZ drive
v0x55a5fa5ab9a0_0 .net "drdata", 31 0, o0x7f903d03e5b8;  0 drivers
v0x55a5fa5aba60_0 .var "dwdata", 31 0;
v0x55a5fa5abb20_0 .var "dwe", 3 0;
v0x55a5fa5abc00_0 .var "iaddr", 31 0;
o0x7f903d03e258 .functor BUFZ 32, C4<zzzzzzzzzzzzzzzzzzzzzzzzzzzzzzzz>; HiZ drive
v0x55a5fa5abd80_0 .net "idata", 31 0, o0x7f903d03e258;  0 drivers
v0x55a5fa5abe50_0 .net "imm_val", 31 0, v0x55a5fa5a8ac0_0;  1 drivers
v0x55a5fa5abef0_0 .net "op", 5 0, v0x55a5fa5a8d90_0;  1 drivers
v0x55a5fa5ac000_0 .net "r_rv2", 31 0, L_0x55a5fa5ad220;  1 drivers
v0x55a5fa5ac0c0_0 .net "r_wdata", 31 0, v0x55a5fa5a9fe0_0;  1 drivers
v0x55a5fa5ac1d0_0 .net "rd", 4 0, v0x55a5fa5a8f50_0;  1 drivers
o0x7f903d03ecd8 .functor BUFZ 1, C4<z>; HiZ drive
v0x55a5fa5ac2e0_0 .net "reset", 0 0, o0x7f903d03ecd8;  0 drivers
v0x55a5fa5ac3a0_0 .net "rs1", 4 0, v0x55a5fa5a9030_0;  1 drivers
v0x55a5fa5ac5c0_0 .net "rs2", 4 0, v0x55a5fa5a9110_0;  1 drivers
v0x55a5fa5ac6d0_0 .net "rv1", 31 0, L_0x55a5fa5acf80;  1 drivers
v0x55a5fa5ac7e0_0 .net "rv2", 31 0, v0x55a5fa5a91f0_0;  1 drivers
v0x55a5fa5ac8f0_0 .net "rvout", 31 0, L_0x55a5fa57d600;  1 drivers
v0x55a5fa5aca00_0 .net "rwe", 0 0, v0x55a5fa5aa190_0;  1 drivers
v0x55a5fa5acaa0_0 .net "w_daddr", 31 0, v0x55a5fa5a9940_0;  1 drivers
v0x55a5fa5acb40_0 .net "w_dwdata", 31 0, v0x55a5fa5a9b30_0;  1 drivers
v0x55a5fa5acbe0_0 .net "w_dwe", 3 0, v0x55a5fa5a9c10_0;  1 drivers
E_0x55a5fa53f4c0 .event edge, v0x55a5fa5a9c10_0, v0x55a5fa5a9b30_0, v0x55a5fa5a9940_0;
L_0x55a5fa5ad290 .reduce/nor o0x7f903d03ecd8;
S_0x55a5fa570440 .scope module, "u_alu" "alu32" 2 44, 3 8 0, S_0x55a5fa545930;
 .timescale 0 0;
    .port_info 0 /INPUT 6 "op"
    .port_info 1 /INPUT 32 "rv1"
    .port_info 2 /INPUT 32 "rv2"
    .port_info 3 /OUTPUT 32 "rvout"
L_0x55a5fa57d600 .functor BUFZ 32, v0x55a5fa5a8450_0, C4<00000000000000000000000000000000>, C4<00000000000000000000000000000000>, C4<00000000000000000000000000000000>;
v0x55a5fa589b10_0 .net "op", 5 0, v0x55a5fa5a9870_0;  alias, 1 drivers
v0x55a5fa5a81d0_0 .net "rv1", 31 0, L_0x55a5fa5acf80;  alias, 1 drivers
v0x55a5fa5a82b0_0 .net "rv2", 31 0, v0x55a5fa5a91f0_0;  alias, 1 drivers
v0x55a5fa5a8370_0 .net "rvout", 31 0, L_0x55a5fa57d600;  alias, 1 drivers
v0x55a5fa5a8450_0 .var "val_out", 31 0;
E_0x55a5fa53f880 .event edge, v0x55a5fa5a82b0_0, v0x55a5fa5a81d0_0, v0x55a5fa589b10_0;
S_0x55a5fa5a85b0 .scope module, "u_dec" "decoder" 2 51, 4 13 0, S_0x55a5fa545930;
 .timescale 0 0;
    .port_info 0 /INPUT 32 "instr"
    .port_info 1 /OUTPUT 6 "op"
    .port_info 2 /OUTPUT 5 "rs1"
    .port_info 3 /OUTPUT 5 "rs2"
    .port_info 4 /OUTPUT 5 "rd"
    .port_info 5 /INPUT 32 "r_rv2"
    .port_info 6 /OUTPUT 32 "rv2"
    .port_info 7 /OUTPUT 32 "imm_val"
v0x55a5fa5a88e0_0 .var "funct3", 2 0;
v0x55a5fa5a89e0_0 .var "funct7", 6 0;
v0x55a5fa5a8ac0_0 .var "imm_val", 31 0;
v0x55a5fa5a8b80_0 .net "instr", 31 0, o0x7f903d03e258;  alias, 0 drivers
v0x55a5fa5a8c60_0 .var "instr_opcode", 6 0;
v0x55a5fa5a8d90_0 .var "op", 5 0;
v0x55a5fa5a8e70_0 .net "r_rv2", 31 0, L_0x55a5fa5ad220;  alias, 1 drivers
v0x55a5fa5a8f50_0 .var "rd", 4 0;
v0x55a5fa5a9030_0 .var "rs1", 4 0;
v0x55a5fa5a9110_0 .var "rs2", 4 0;
v0x55a5fa5a91f0_0 .var "rv2", 31 0;
E_0x55a5fa53fc70 .event edge, v0x55a5fa5a8b80_0;
S_0x55a5fa5a9390 .scope module, "u_ls" "control" 2 73, 5 14 0, S_0x55a5fa545930;
 .timescale 0 0;
    .port_info 0 /INPUT 6 "op"
    .port_info 1 /INPUT 32 "r_rv2"
    .port_info 2 /INPUT 32 "drdata"
    .port_info 3 /INPUT 32 "rvout"
    .port_info 4 /INPUT 32 "imm_val"
    .port_info 5 /INPUT 32 "PC_curr"
    .port_info 6 /OUTPUT 1 "rwe"
    .port_info 7 /OUTPUT 32 "dwdata"
    .port_info 8 /OUTPUT 32 "reg_wdata"
    .port_info 9 /OUTPUT 32 "daddr"
    .port_info 10 /OUTPUT 4 "dwe"
    .port_info 11 /OUTPUT 6 "alu_op"
    .port_info 12 /OUTPUT 32 "PC_next"
v0x55a5fa5a9690_0 .net "PC_curr", 31 0, v0x55a5fa5abc00_0;  1 drivers
v0x55a5fa5a9790_0 .var "PC_next", 31 0;
v0x55a5fa5a9870_0 .var "alu_op", 5 0;
v0x55a5fa5a9940_0 .var "daddr", 31 0;
v0x55a5fa5a9a00_0 .net "drdata", 31 0, o0x7f903d03e5b8;  alias, 0 drivers
v0x55a5fa5a9b30_0 .var "dwdata", 31 0;
v0x55a5fa5a9c10_0 .var "dwe", 3 0;
v0x55a5fa5a9cf0_0 .net "imm_val", 31 0, v0x55a5fa5a8ac0_0;  alias, 1 drivers
v0x55a5fa5a9db0_0 .net "op", 5 0, v0x55a5fa5a8d90_0;  alias, 1 drivers
v0x55a5fa5a9f10_0 .net "r_rv2", 31 0, L_0x55a5fa5ad220;  alias, 1 drivers
v0x55a5fa5a9fe0_0 .var "reg_wdata", 31 0;
v0x55a5fa5aa0a0_0 .net "rvout", 31 0, L_0x55a5fa57d600;  alias, 1 drivers
v0x55a5fa5aa190_0 .var "rwe", 0 0;
E_0x55a5fa53ff10/0 .event edge, v0x55a5fa5a9690_0, v0x55a5fa5a8ac0_0, v0x55a5fa5a8e70_0, v0x55a5fa5a8370_0;
E_0x55a5fa53ff10/1 .event edge, v0x55a5fa5a9a00_0, v0x55a5fa5a8d90_0;
E_0x55a5fa53ff10 .event/or E_0x55a5fa53ff10/0, E_0x55a5fa53ff10/1;
S_0x55a5fa5aa440 .scope module, "u_reg" "regfile" 2 62, 6 10 0, S_0x55a5fa545930;
 .timescale 0 0;
    .port_info 0 /INPUT 5 "rs1"
    .port_info 1 /INPUT 5 "rs2"
    .port_info 2 /INPUT 5 "rd"
    .port_info 3 /INPUT 1 "we"
    .port_info 4 /INPUT 32 "wdata"
    .port_info 5 /OUTPUT 32 "rv1"
    .port_info 6 /OUTPUT 32 "rv2"
    .port_info 7 /INPUT 1 "clk"
L_0x55a5fa5acf80 .functor BUFZ 32, L_0x55a5fa5acdd0, C4<00000000000000000000000000000000>, C4<00000000000000000000000000000000>, C4<00000000000000000000000000000000>;
L_0x55a5fa5ad220 .functor BUFZ 32, L_0x55a5fa5ad040, C4<00000000000000000000000000000000>, C4<00000000000000000000000000000000>, C4<00000000000000000000000000000000>;
v0x55a5fa5aa720_0 .net *"_s0", 31 0, L_0x55a5fa5acdd0;  1 drivers
v0x55a5fa5aa820_0 .net *"_s10", 6 0, L_0x55a5fa5ad0e0;  1 drivers
L_0x7f903cff5060 .functor BUFT 1, C4<00>, C4<0>, C4<0>, C4<0>;
v0x55a5fa5aa900_0 .net *"_s13", 1 0, L_0x7f903cff5060;  1 drivers
v0x55a5fa5aa9f0_0 .net *"_s2", 6 0, L_0x55a5fa5ace90;  1 drivers
L_0x7f903cff5018 .functor BUFT 1, C4<00>, C4<0>, C4<0>, C4<0>;
v0x55a5fa5aaad0_0 .net *"_s5", 1 0, L_0x7f903cff5018;  1 drivers
v0x55a5fa5aac00_0 .net *"_s8", 31 0, L_0x55a5fa5ad040;  1 drivers
v0x55a5fa5aace0_0 .net "clk", 0 0, o0x7f903d03ea38;  alias, 0 drivers
v0x55a5fa5aada0_0 .net "rd", 4 0, v0x55a5fa5a8f50_0;  alias, 1 drivers
v0x55a5fa5aae60_0 .net "rs1", 4 0, v0x55a5fa5a9030_0;  alias, 1 drivers
v0x55a5fa5aafc0_0 .net "rs2", 4 0, v0x55a5fa5a9110_0;  alias, 1 drivers
v0x55a5fa5ab090_0 .net "rv1", 31 0, L_0x55a5fa5acf80;  alias, 1 drivers
v0x55a5fa5ab160_0 .net "rv2", 31 0, L_0x55a5fa5ad220;  alias, 1 drivers
v0x55a5fa5ab200_0 .net "wdata", 31 0, v0x55a5fa5a9fe0_0;  alias, 1 drivers
v0x55a5fa5ab2c0_0 .net "we", 0 0, L_0x55a5fa5ad330;  1 drivers
v0x55a5fa5ab360 .array "x", 31 0, 31 0;
E_0x55a5fa589720 .event posedge, v0x55a5fa5aace0_0;
L_0x55a5fa5acdd0 .array/port v0x55a5fa5ab360, L_0x55a5fa5ace90;
L_0x55a5fa5ace90 .concat [ 5 2 0 0], v0x55a5fa5a9030_0, L_0x7f903cff5018;
L_0x55a5fa5ad040 .array/port v0x55a5fa5ab360, L_0x55a5fa5ad0e0;
L_0x55a5fa5ad0e0 .concat [ 5 2 0 0], v0x55a5fa5a9110_0, L_0x7f903cff5060;
    .scope S_0x55a5fa570440;
T_0 ;
    %wait E_0x55a5fa53f880;
    %load/vec4 v0x55a5fa589b10_0;
    %parti/s 5, 0, 2;
    %dup/vec4;
    %pushi/vec4 8, 0, 5;
    %cmp/u;
    %jmp/1 T_0.0, 6;
    %dup/vec4;
    %pushi/vec4 24, 0, 5;
    %cmp/u;
    %jmp/1 T_0.1, 6;
    %dup/vec4;
    %pushi/vec4 9, 0, 5;
    %cmp/u;
    %jmp/1 T_0.2, 6;
    %dup/vec4;
    %pushi/vec4 10, 0, 5;
    %cmp/u;
    %jmp/1 T_0.3, 6;
    %dup/vec4;
    %pushi/vec4 11, 0, 5;
    %cmp/u;
    %jmp/1 T_0.4, 6;
    %dup/vec4;
    %pushi/vec4 12, 0, 5;
    %cmp/u;
    %jmp/1 T_0.5, 6;
    %dup/vec4;
    %pushi/vec4 13, 0, 5;
    %cmp/u;
    %jmp/1 T_0.6, 6;
    %dup/vec4;
    %pushi/vec4 29, 0, 5;
    %cmp/u;
    %jmp/1 T_0.7, 6;
    %dup/vec4;
    %pushi/vec4 14, 0, 5;
    %cmp/u;
    %jmp/1 T_0.8, 6;
    %dup/vec4;
    %pushi/vec4 15, 0, 5;
    %cmp/u;
    %jmp/1 T_0.9, 6;
    %pushi/vec4 4294967295, 4294967295, 32;
    %store/vec4 v0x55a5fa5a8450_0, 0, 32;
    %jmp T_0.11;
T_0.0 ;
    %load/vec4 v0x55a5fa5a81d0_0;
    %load/vec4 v0x55a5fa5a82b0_0;
    %add;
    %store/vec4 v0x55a5fa5a8450_0, 0, 32;
    %jmp T_0.11;
T_0.1 ;
    %load/vec4 v0x55a5fa5a81d0_0;
    %load/vec4 v0x55a5fa5a82b0_0;
    %sub;
    %store/vec4 v0x55a5fa5a8450_0, 0, 32;
    %jmp T_0.11;
T_0.2 ;
    %load/vec4 v0x55a5fa5a81d0_0;
    %load/vec4 v0x55a5fa5a82b0_0;
    %parti/s 5, 0, 2;
    %ix/vec4 4;
    %shiftl 4;
    %store/vec4 v0x55a5fa5a8450_0, 0, 32;
    %jmp T_0.11;
T_0.3 ;
    %load/vec4 v0x55a5fa5a81d0_0;
    %parti/s 1, 31, 6;
    %load/vec4 v0x55a5fa5a82b0_0;
    %parti/s 1, 31, 6;
    %concat/vec4; draw_concat_vec4
    %cmpi/e 0, 0, 2;
    %jmp/0xz  T_0.12, 4;
    %pushi/vec4 0, 0, 31;
    %load/vec4 v0x55a5fa5a81d0_0;
    %load/vec4 v0x55a5fa5a82b0_0;
    %cmp/u;
    %flag_get/vec4 5;
    %concat/vec4; draw_concat_vec4
    %store/vec4 v0x55a5fa5a8450_0, 0, 32;
    %jmp T_0.13;
T_0.12 ;
    %load/vec4 v0x55a5fa5a81d0_0;
    %parti/s 1, 31, 6;
    %load/vec4 v0x55a5fa5a82b0_0;
    %parti/s 1, 31, 6;
    %concat/vec4; draw_concat_vec4
    %cmpi/e 1, 0, 2;
    %jmp/0xz  T_0.14, 4;
    %pushi/vec4 0, 0, 32;
    %store/vec4 v0x55a5fa5a8450_0, 0, 32;
    %jmp T_0.15;
T_0.14 ;
    %load/vec4 v0x55a5fa5a81d0_0;
    %parti/s 1, 31, 6;
    %load/vec4 v0x55a5fa5a82b0_0;
    %parti/s 1, 31, 6;
    %concat/vec4; draw_concat_vec4
    %cmpi/e 2, 0, 2;
    %jmp/0xz  T_0.16, 4;
    %pushi/vec4 1, 0, 32;
    %store/vec4 v0x55a5fa5a8450_0, 0, 32;
    %jmp T_0.17;
T_0.16 ;
    %load/vec4 v0x55a5fa5a81d0_0;
    %parti/s 1, 31, 6;
    %load/vec4 v0x55a5fa5a82b0_0;
    %parti/s 1, 31, 6;
    %concat/vec4; draw_concat_vec4
    %cmpi/e 3, 0, 2;
    %jmp/0xz  T_0.18, 4;
    %pushi/vec4 0, 0, 31;
    %load/vec4 v0x55a5fa5a82b0_0;
    %load/vec4 v0x55a5fa5a81d0_0;
    %cmp/u;
    %flag_get/vec4 5;
    %concat/vec4; draw_concat_vec4
    %store/vec4 v0x55a5fa5a8450_0, 0, 32;
T_0.18 ;
T_0.17 ;
T_0.15 ;
T_0.13 ;
    %jmp T_0.11;
T_0.4 ;
    %pushi/vec4 0, 0, 31;
    %load/vec4 v0x55a5fa5a81d0_0;
    %load/vec4 v0x55a5fa5a82b0_0;
    %cmp/u;
    %flag_get/vec4 5;
    %concat/vec4; draw_concat_vec4
    %store/vec4 v0x55a5fa5a8450_0, 0, 32;
    %jmp T_0.11;
T_0.5 ;
    %load/vec4 v0x55a5fa5a81d0_0;
    %load/vec4 v0x55a5fa5a82b0_0;
    %xor;
    %store/vec4 v0x55a5fa5a8450_0, 0, 32;
    %jmp T_0.11;
T_0.6 ;
    %load/vec4 v0x55a5fa5a81d0_0;
    %load/vec4 v0x55a5fa5a82b0_0;
    %parti/s 5, 0, 2;
    %ix/vec4 4;
    %shiftr 4;
    %store/vec4 v0x55a5fa5a8450_0, 0, 32;
    %jmp T_0.11;
T_0.7 ;
    %load/vec4 v0x55a5fa5a81d0_0;
    %load/vec4 v0x55a5fa5a82b0_0;
    %parti/s 5, 0, 2;
    %ix/vec4 4;
    %shiftr 4;
    %store/vec4 v0x55a5fa5a8450_0, 0, 32;
    %jmp T_0.11;
T_0.8 ;
    %load/vec4 v0x55a5fa5a81d0_0;
    %load/vec4 v0x55a5fa5a82b0_0;
    %or;
    %store/vec4 v0x55a5fa5a8450_0, 0, 32;
    %jmp T_0.11;
T_0.9 ;
    %load/vec4 v0x55a5fa5a81d0_0;
    %load/vec4 v0x55a5fa5a82b0_0;
    %and;
    %store/vec4 v0x55a5fa5a8450_0, 0, 32;
    %jmp T_0.11;
T_0.11 ;
    %pop/vec4 1;
    %jmp T_0;
    .thread T_0, $push;
    .scope S_0x55a5fa5a85b0;
T_1 ;
    %wait E_0x55a5fa53fc70;
    %load/vec4 v0x55a5fa5a8b80_0;
    %parti/s 5, 15, 5;
    %store/vec4 v0x55a5fa5a9030_0, 0, 5;
    %load/vec4 v0x55a5fa5a8b80_0;
    %parti/s 5, 20, 6;
    %store/vec4 v0x55a5fa5a9110_0, 0, 5;
    %load/vec4 v0x55a5fa5a8b80_0;
    %parti/s 5, 7, 4;
    %store/vec4 v0x55a5fa5a8f50_0, 0, 5;
    %load/vec4 v0x55a5fa5a8b80_0;
    %parti/s 7, 0, 2;
    %store/vec4 v0x55a5fa5a8c60_0, 0, 7;
    %load/vec4 v0x55a5fa5a8b80_0;
    %parti/s 3, 12, 5;
    %store/vec4 v0x55a5fa5a88e0_0, 0, 3;
    %load/vec4 v0x55a5fa5a8b80_0;
    %parti/s 7, 25, 6;
    %store/vec4 v0x55a5fa5a89e0_0, 0, 7;
    %load/vec4 v0x55a5fa5a8b80_0;
    %cmpi/e 0, 0, 32;
    %jmp/0xz  T_1.0, 4;
    %pushi/vec4 0, 0, 6;
    %store/vec4 v0x55a5fa5a8d90_0, 0, 6;
    %jmp T_1.1;
T_1.0 ;
    %load/vec4 v0x55a5fa5a8c60_0;
    %parti/s 1, 4, 4;
    %load/vec4 v0x55a5fa5a8c60_0;
    %parti/s 1, 2, 3;
    %concat/vec4; draw_concat_vec4
    %cmpi/e 2, 0, 2;
    %jmp/0xz  T_1.2, 4;
    %pushi/vec4 1, 0, 1;
    %ix/load 4, 3, 0;
    %flag_set/imm 4, 0;
    %store/vec4 v0x55a5fa5a8d90_0, 4, 1;
    %load/vec4 v0x55a5fa5a8c60_0;
    %parti/s 1, 5, 4;
    %ix/load 4, 5, 0;
    %flag_set/imm 4, 0;
    %store/vec4 v0x55a5fa5a8d90_0, 4, 1;
    %load/vec4 v0x55a5fa5a88e0_0;
    %ix/load 4, 0, 0;
    %flag_set/imm 4, 0;
    %store/vec4 v0x55a5fa5a8d90_0, 4, 3;
    %load/vec4 v0x55a5fa5a8d90_0;
    %parti/s 1, 5, 4;
    %cmpi/e 1, 0, 1;
    %jmp/0xz  T_1.4, 4;
    %load/vec4 v0x55a5fa5a8e70_0;
    %store/vec4 v0x55a5fa5a91f0_0, 0, 32;
    %load/vec4 v0x55a5fa5a89e0_0;
    %parti/s 1, 5, 4;
    %ix/load 4, 4, 0;
    %flag_set/imm 4, 0;
    %store/vec4 v0x55a5fa5a8d90_0, 4, 1;
    %jmp T_1.5;
T_1.4 ;
    %load/vec4 v0x55a5fa5a8d90_0;
    %parti/s 2, 0, 2;
    %cmpi/e 1, 0, 2;
    %jmp/0xz  T_1.6, 4;
    %load/vec4 v0x55a5fa5a8b80_0;
    %parti/s 1, 24, 6;
    %replicate 27;
    %load/vec4 v0x55a5fa5a8b80_0;
    %parti/s 5, 20, 6;
    %concat/vec4; draw_concat_vec4
    %store/vec4 v0x55a5fa5a91f0_0, 0, 32;
    %load/vec4 v0x55a5fa5a89e0_0;
    %parti/s 1, 5, 4;
    %ix/load 4, 4, 0;
    %flag_set/imm 4, 0;
    %store/vec4 v0x55a5fa5a8d90_0, 4, 1;
    %jmp T_1.7;
T_1.6 ;
    %load/vec4 v0x55a5fa5a8b80_0;
    %parti/s 1, 31, 6;
    %replicate 20;
    %load/vec4 v0x55a5fa5a8b80_0;
    %parti/s 12, 20, 6;
    %concat/vec4; draw_concat_vec4
    %store/vec4 v0x55a5fa5a91f0_0, 0, 32;
    %pushi/vec4 0, 0, 1;
    %ix/load 4, 4, 0;
    %flag_set/imm 4, 0;
    %store/vec4 v0x55a5fa5a8d90_0, 4, 1;
T_1.7 ;
T_1.5 ;
    %jmp T_1.3;
T_1.2 ;
    %pushi/vec4 0, 0, 1;
    %ix/load 4, 3, 0;
    %flag_set/imm 4, 0;
    %store/vec4 v0x55a5fa5a8d90_0, 4, 1;
    %load/vec4 v0x55a5fa5a8c60_0;
    %parti/s 1, 6, 4;
    %load/vec4 v0x55a5fa5a8c60_0;
    %parti/s 1, 4, 4;
    %concat/vec4; draw_concat_vec4
    %pushi/vec4 0, 0, 2;
    %cmp/e;
    %flag_get/vec4 4;
    %ix/load 4, 4, 0;
    %flag_set/imm 4, 0;
    %store/vec4 v0x55a5fa5a8d90_0, 4, 1;
    %load/vec4 v0x55a5fa5a8d90_0;
    %parti/s 1, 4, 4;
    %flag_set/vec4 8;
    %jmp/0xz  T_1.8, 8;
    %load/vec4 v0x55a5fa5a8c60_0;
    %parti/s 1, 5, 4;
    %ix/load 4, 5, 0;
    %flag_set/imm 4, 0;
    %store/vec4 v0x55a5fa5a8d90_0, 4, 1;
    %load/vec4 v0x55a5fa5a88e0_0;
    %ix/load 4, 0, 0;
    %flag_set/imm 4, 0;
    %store/vec4 v0x55a5fa5a8d90_0, 4, 3;
    %load/vec4 v0x55a5fa5a8d90_0;
    %parti/s 1, 5, 4;
    %pad/u 32;
    %cmpi/e 0, 0, 32;
    %jmp/0xz  T_1.10, 4;
    %load/vec4 v0x55a5fa5a8b80_0;
    %parti/s 1, 31, 6;
    %replicate 20;
    %load/vec4 v0x55a5fa5a8b80_0;
    %parti/s 12, 20, 6;
    %concat/vec4; draw_concat_vec4
    %store/vec4 v0x55a5fa5a91f0_0, 0, 32;
    %jmp T_1.11;
T_1.10 ;
    %load/vec4 v0x55a5fa5a8b80_0;
    %parti/s 1, 31, 6;
    %replicate 20;
    %load/vec4 v0x55a5fa5a8b80_0;
    %parti/s 7, 25, 6;
    %concat/vec4; draw_concat_vec4
    %load/vec4 v0x55a5fa5a8b80_0;
    %parti/s 5, 7, 4;
    %concat/vec4; draw_concat_vec4
    %store/vec4 v0x55a5fa5a91f0_0, 0, 32;
T_1.11 ;
    %jmp T_1.9;
T_1.8 ;
    %load/vec4 v0x55a5fa5a8c60_0;
    %parti/s 2, 5, 4;
    %load/vec4 v0x55a5fa5a8c60_0;
    %parti/s 1, 2, 3;
    %concat/vec4; draw_concat_vec4
    %pushi/vec4 6, 0, 3;
    %cmp/e;
    %flag_get/vec4 4;
    %ix/load 4, 5, 0;
    %flag_set/imm 4, 0;
    %store/vec4 v0x55a5fa5a8d90_0, 4, 1;
    %load/vec4 v0x55a5fa5a8d90_0;
    %parti/s 1, 5, 4;
    %flag_set/vec4 8;
    %jmp/0xz  T_1.12, 8;
    %load/vec4 v0x55a5fa5a88e0_0;
    %ix/load 4, 0, 0;
    %flag_set/imm 4, 0;
    %store/vec4 v0x55a5fa5a8d90_0, 4, 3;
    %load/vec4 v0x55a5fa5a8e70_0;
    %store/vec4 v0x55a5fa5a91f0_0, 0, 32;
    %load/vec4 v0x55a5fa5a8b80_0;
    %parti/s 1, 31, 6;
    %replicate 19;
    %load/vec4 v0x55a5fa5a8b80_0;
    %parti/s 1, 31, 6;
    %concat/vec4; draw_concat_vec4
    %load/vec4 v0x55a5fa5a8b80_0;
    %parti/s 1, 7, 4;
    %concat/vec4; draw_concat_vec4
    %load/vec4 v0x55a5fa5a8b80_0;
    %parti/s 6, 25, 6;
    %concat/vec4; draw_concat_vec4
    %load/vec4 v0x55a5fa5a8b80_0;
    %parti/s 4, 8, 5;
    %concat/vec4; draw_concat_vec4
    %concati/vec4 0, 0, 1;
    %store/vec4 v0x55a5fa5a8ac0_0, 0, 32;
    %jmp T_1.13;
T_1.12 ;
    %load/vec4 v0x55a5fa5a8c60_0;
    %parti/s 3, 3, 3;
    %ix/load 4, 0, 0;
    %flag_set/imm 4, 0;
    %store/vec4 v0x55a5fa5a8d90_0, 4, 3;
    %load/vec4 v0x55a5fa5a8d90_0;
    %parti/s 3, 0, 2;
    %dup/vec4;
    %pushi/vec4 4, 0, 3;
    %cmp/u;
    %jmp/1 T_1.14, 6;
    %dup/vec4;
    %pushi/vec4 5, 0, 3;
    %cmp/u;
    %jmp/1 T_1.15, 6;
    %dup/vec4;
    %pushi/vec4 2, 0, 3;
    %cmp/u;
    %jmp/1 T_1.16, 6;
    %dup/vec4;
    %pushi/vec4 6, 0, 3;
    %cmp/u;
    %jmp/1 T_1.17, 6;
    %jmp T_1.18;
T_1.14 ;
    %load/vec4 v0x55a5fa5a8b80_0;
    %parti/s 1, 31, 6;
    %replicate 20;
    %load/vec4 v0x55a5fa5a8b80_0;
    %parti/s 12, 20, 6;
    %concat/vec4; draw_concat_vec4
    %store/vec4 v0x55a5fa5a91f0_0, 0, 32;
    %jmp T_1.18;
T_1.15 ;
    %load/vec4 v0x55a5fa5a8b80_0;
    %parti/s 1, 31, 6;
    %replicate 11;
    %load/vec4 v0x55a5fa5a8b80_0;
    %parti/s 1, 31, 6;
    %concat/vec4; draw_concat_vec4
    %load/vec4 v0x55a5fa5a8b80_0;
    %parti/s 8, 12, 5;
    %concat/vec4; draw_concat_vec4
    %load/vec4 v0x55a5fa5a8b80_0;
    %parti/s 1, 20, 6;
    %concat/vec4; draw_concat_vec4
    %load/vec4 v0x55a5fa5a8b80_0;
    %parti/s 10, 21, 6;
    %concat/vec4; draw_concat_vec4
    %concati/vec4 0, 0, 1;
    %store/vec4 v0x55a5fa5a8ac0_0, 0, 32;
    %jmp T_1.18;
T_1.16 ;
    %load/vec4 v0x55a5fa5a8b80_0;
    %parti/s 20, 12, 5;
    %concati/vec4 0, 0, 12;
    %store/vec4 v0x55a5fa5a8ac0_0, 0, 32;
    %jmp T_1.18;
T_1.17 ;
    %load/vec4 v0x55a5fa5a8b80_0;
    %parti/s 20, 12, 5;
    %concati/vec4 0, 0, 12;
    %store/vec4 v0x55a5fa5a8ac0_0, 0, 32;
    %jmp T_1.18;
T_1.18 ;
    %pop/vec4 1;
T_1.13 ;
T_1.9 ;
T_1.3 ;
T_1.1 ;
    %jmp T_1;
    .thread T_1, $push;
    .scope S_0x55a5fa5aa440;
T_2 ;
    %vpi_call 6 25 "$readmemh", "init_regfile.mem", v0x55a5fa5ab360 {0 0 0};
    %end;
    .thread T_2;
    .scope S_0x55a5fa5aa440;
T_3 ;
    %wait E_0x55a5fa589720;
    %load/vec4 v0x55a5fa5ab2c0_0;
    %flag_set/vec4 8;
    %jmp/0xz  T_3.0, 8;
    %load/vec4 v0x55a5fa5aada0_0;
    %cmpi/e 0, 0, 5;
    %jmp/0xz  T_3.2, 4;
    %pushi/vec4 0, 0, 32;
    %ix/load 3, 0, 0;
    %flag_set/imm 4, 0;
    %ix/load 4, 0, 0; Constant delay
    %assign/vec4/a/d v0x55a5fa5ab360, 0, 4;
    %jmp T_3.3;
T_3.2 ;
    %load/vec4 v0x55a5fa5ab200_0;
    %load/vec4 v0x55a5fa5aada0_0;
    %pad/u 7;
    %ix/vec4 3;
    %ix/load 4, 0, 0; Constant delay
    %assign/vec4/a/d v0x55a5fa5ab360, 0, 4;
T_3.3 ;
T_3.0 ;
    %jmp T_3;
    .thread T_3;
    .scope S_0x55a5fa5a9390;
T_4 ;
    %wait E_0x55a5fa53ff10;
    %load/vec4 v0x55a5fa5a9690_0;
    %addi 4, 0, 32;
    %store/vec4 v0x55a5fa5a9790_0, 0, 32;
    %pushi/vec4 0, 0, 4;
    %store/vec4 v0x55a5fa5a9c10_0, 0, 4;
    %pushi/vec4 0, 0, 1;
    %store/vec4 v0x55a5fa5aa190_0, 0, 1;
    %load/vec4 v0x55a5fa5a9db0_0;
    %parti/s 1, 3, 3;
    %cmpi/e 1, 0, 1;
    %jmp/0xz  T_4.0, 4;
    %load/vec4 v0x55a5fa5a9db0_0;
    %store/vec4 v0x55a5fa5a9870_0, 0, 6;
    %load/vec4 v0x55a5fa5aa0a0_0;
    %store/vec4 v0x55a5fa5a9fe0_0, 0, 32;
    %pushi/vec4 1, 0, 1;
    %store/vec4 v0x55a5fa5aa190_0, 0, 1;
    %jmp T_4.1;
T_4.0 ;
    %load/vec4 v0x55a5fa5a9db0_0;
    %parti/s 2, 3, 3;
    %cmpi/e 2, 0, 2;
    %jmp/0xz  T_4.2, 4;
    %pushi/vec4 8, 0, 6;
    %store/vec4 v0x55a5fa5a9870_0, 0, 6;
    %load/vec4 v0x55a5fa5aa0a0_0;
    %store/vec4 v0x55a5fa5a9940_0, 0, 32;
    %load/vec4 v0x55a5fa5a9db0_0;
    %dup/vec4;
    %pushi/vec4 16, 0, 6;
    %cmp/u;
    %jmp/1 T_4.4, 6;
    %dup/vec4;
    %pushi/vec4 17, 0, 6;
    %cmp/u;
    %jmp/1 T_4.5, 6;
    %dup/vec4;
    %pushi/vec4 18, 0, 6;
    %cmp/u;
    %jmp/1 T_4.6, 6;
    %dup/vec4;
    %pushi/vec4 20, 0, 6;
    %cmp/u;
    %jmp/1 T_4.7, 6;
    %dup/vec4;
    %pushi/vec4 21, 0, 6;
    %cmp/u;
    %jmp/1 T_4.8, 6;
    %dup/vec4;
    %pushi/vec4 48, 0, 6;
    %cmp/u;
    %jmp/1 T_4.9, 6;
    %dup/vec4;
    %pushi/vec4 49, 0, 6;
    %cmp/u;
    %jmp/1 T_4.10, 6;
    %dup/vec4;
    %pushi/vec4 50, 0, 6;
    %cmp/u;
    %jmp/1 T_4.11, 6;
    %jmp T_4.12;
T_4.4 ;
    %pushi/vec4 1, 0, 1;
    %store/vec4 v0x55a5fa5aa190_0, 0, 1;
    %load/vec4 v0x55a5fa5a9940_0;
    %parti/s 2, 0, 2;
    %dup/vec4;
    %pushi/vec4 0, 0, 2;
    %cmp/u;
    %jmp/1 T_4.13, 6;
    %dup/vec4;
    %pushi/vec4 1, 0, 2;
    %cmp/u;
    %jmp/1 T_4.14, 6;
    %dup/vec4;
    %pushi/vec4 2, 0, 2;
    %cmp/u;
    %jmp/1 T_4.15, 6;
    %dup/vec4;
    %pushi/vec4 3, 0, 2;
    %cmp/u;
    %jmp/1 T_4.16, 6;
    %jmp T_4.17;
T_4.13 ;
    %load/vec4 v0x55a5fa5a9a00_0;
    %parti/s 1, 7, 4;
    %replicate 24;
    %load/vec4 v0x55a5fa5a9a00_0;
    %parti/s 8, 0, 2;
    %concat/vec4; draw_concat_vec4
    %store/vec4 v0x55a5fa5a9fe0_0, 0, 32;
    %jmp T_4.17;
T_4.14 ;
    %load/vec4 v0x55a5fa5a9a00_0;
    %parti/s 1, 15, 5;
    %replicate 24;
    %load/vec4 v0x55a5fa5a9a00_0;
    %parti/s 8, 8, 5;
    %concat/vec4; draw_concat_vec4
    %store/vec4 v0x55a5fa5a9fe0_0, 0, 32;
    %jmp T_4.17;
T_4.15 ;
    %load/vec4 v0x55a5fa5a9a00_0;
    %parti/s 1, 23, 6;
    %replicate 24;
    %load/vec4 v0x55a5fa5a9a00_0;
    %parti/s 8, 16, 6;
    %concat/vec4; draw_concat_vec4
    %store/vec4 v0x55a5fa5a9fe0_0, 0, 32;
    %jmp T_4.17;
T_4.16 ;
    %load/vec4 v0x55a5fa5a9a00_0;
    %parti/s 1, 31, 6;
    %replicate 24;
    %load/vec4 v0x55a5fa5a9a00_0;
    %parti/s 8, 24, 6;
    %concat/vec4; draw_concat_vec4
    %store/vec4 v0x55a5fa5a9fe0_0, 0, 32;
    %jmp T_4.17;
T_4.17 ;
    %pop/vec4 1;
    %jmp T_4.12;
T_4.5 ;
    %pushi/vec4 1, 0, 1;
    %store/vec4 v0x55a5fa5aa190_0, 0, 1;
    %load/vec4 v0x55a5fa5a9940_0;
    %parti/s 2, 0, 2;
    %dup/vec4;
    %pushi/vec4 0, 0, 2;
    %cmp/u;
    %jmp/1 T_4.18, 6;
    %dup/vec4;
    %pushi/vec4 2, 0, 2;
    %cmp/u;
    %jmp/1 T_4.19, 6;
    %jmp T_4.20;
T_4.18 ;
    %load/vec4 v0x55a5fa5a9a00_0;
    %parti/s 1, 15, 5;
    %replicate 16;
    %load/vec4 v0x55a5fa5a9a00_0;
    %parti/s 16, 0, 2;
    %concat/vec4; draw_concat_vec4
    %store/vec4 v0x55a5fa5a9fe0_0, 0, 32;
    %jmp T_4.20;
T_4.19 ;
    %load/vec4 v0x55a5fa5a9a00_0;
    %parti/s 1, 31, 6;
    %replicate 16;
    %load/vec4 v0x55a5fa5a9a00_0;
    %parti/s 16, 16, 6;
    %concat/vec4; draw_concat_vec4
    %store/vec4 v0x55a5fa5a9fe0_0, 0, 32;
    %jmp T_4.20;
T_4.20 ;
    %pop/vec4 1;
    %jmp T_4.12;
T_4.6 ;
    %pushi/vec4 1, 0, 1;
    %store/vec4 v0x55a5fa5aa190_0, 0, 1;
    %load/vec4 v0x55a5fa5a9940_0;
    %parti/s 2, 0, 2;
    %dup/vec4;
    %pushi/vec4 0, 0, 2;
    %cmp/u;
    %jmp/1 T_4.21, 6;
    %jmp T_4.22;
T_4.21 ;
    %load/vec4 v0x55a5fa5a9a00_0;
    %store/vec4 v0x55a5fa5a9fe0_0, 0, 32;
    %jmp T_4.22;
T_4.22 ;
    %pop/vec4 1;
    %jmp T_4.12;
T_4.7 ;
    %pushi/vec4 1, 0, 1;
    %store/vec4 v0x55a5fa5aa190_0, 0, 1;
    %load/vec4 v0x55a5fa5a9940_0;
    %parti/s 2, 0, 2;
    %dup/vec4;
    %pushi/vec4 0, 0, 2;
    %cmp/u;
    %jmp/1 T_4.23, 6;
    %dup/vec4;
    %pushi/vec4 1, 0, 2;
    %cmp/u;
    %jmp/1 T_4.24, 6;
    %dup/vec4;
    %pushi/vec4 2, 0, 2;
    %cmp/u;
    %jmp/1 T_4.25, 6;
    %dup/vec4;
    %pushi/vec4 3, 0, 2;
    %cmp/u;
    %jmp/1 T_4.26, 6;
    %jmp T_4.27;
T_4.23 ;
    %pushi/vec4 0, 0, 24;
    %load/vec4 v0x55a5fa5a9a00_0;
    %parti/s 8, 0, 2;
    %concat/vec4; draw_concat_vec4
    %store/vec4 v0x55a5fa5a9fe0_0, 0, 32;
    %jmp T_4.27;
T_4.24 ;
    %pushi/vec4 0, 0, 24;
    %load/vec4 v0x55a5fa5a9a00_0;
    %parti/s 8, 8, 5;
    %concat/vec4; draw_concat_vec4
    %store/vec4 v0x55a5fa5a9fe0_0, 0, 32;
    %jmp T_4.27;
T_4.25 ;
    %pushi/vec4 0, 0, 24;
    %load/vec4 v0x55a5fa5a9a00_0;
    %parti/s 8, 16, 6;
    %concat/vec4; draw_concat_vec4
    %store/vec4 v0x55a5fa5a9fe0_0, 0, 32;
    %jmp T_4.27;
T_4.26 ;
    %pushi/vec4 0, 0, 24;
    %load/vec4 v0x55a5fa5a9a00_0;
    %parti/s 8, 24, 6;
    %concat/vec4; draw_concat_vec4
    %store/vec4 v0x55a5fa5a9fe0_0, 0, 32;
    %jmp T_4.27;
T_4.27 ;
    %pop/vec4 1;
    %jmp T_4.12;
T_4.8 ;
    %pushi/vec4 1, 0, 1;
    %store/vec4 v0x55a5fa5aa190_0, 0, 1;
    %load/vec4 v0x55a5fa5a9940_0;
    %parti/s 2, 0, 2;
    %dup/vec4;
    %pushi/vec4 0, 0, 2;
    %cmp/u;
    %jmp/1 T_4.28, 6;
    %dup/vec4;
    %pushi/vec4 2, 0, 2;
    %cmp/u;
    %jmp/1 T_4.29, 6;
    %jmp T_4.30;
T_4.28 ;
    %pushi/vec4 0, 0, 16;
    %load/vec4 v0x55a5fa5a9a00_0;
    %parti/s 16, 0, 2;
    %concat/vec4; draw_concat_vec4
    %store/vec4 v0x55a5fa5a9fe0_0, 0, 32;
    %jmp T_4.30;
T_4.29 ;
    %pushi/vec4 0, 0, 16;
    %load/vec4 v0x55a5fa5a9a00_0;
    %parti/s 16, 16, 6;
    %concat/vec4; draw_concat_vec4
    %store/vec4 v0x55a5fa5a9fe0_0, 0, 32;
    %jmp T_4.30;
T_4.30 ;
    %pop/vec4 1;
    %jmp T_4.12;
T_4.9 ;
    %load/vec4 v0x55a5fa5a9940_0;
    %parti/s 2, 0, 2;
    %dup/vec4;
    %pushi/vec4 0, 0, 2;
    %cmp/u;
    %jmp/1 T_4.31, 6;
    %dup/vec4;
    %pushi/vec4 1, 0, 2;
    %cmp/u;
    %jmp/1 T_4.32, 6;
    %dup/vec4;
    %pushi/vec4 2, 0, 2;
    %cmp/u;
    %jmp/1 T_4.33, 6;
    %dup/vec4;
    %pushi/vec4 3, 0, 2;
    %cmp/u;
    %jmp/1 T_4.34, 6;
    %jmp T_4.35;
T_4.31 ;
    %pushi/vec4 1, 0, 4;
    %store/vec4 v0x55a5fa5a9c10_0, 0, 4;
    %load/vec4 v0x55a5fa5a9f10_0;
    %store/vec4 v0x55a5fa5a9b30_0, 0, 32;
    %jmp T_4.35;
T_4.32 ;
    %pushi/vec4 2, 0, 4;
    %store/vec4 v0x55a5fa5a9c10_0, 0, 4;
    %load/vec4 v0x55a5fa5a9f10_0;
    %ix/load 4, 8, 0;
    %flag_set/imm 4, 0;
    %shiftl 4;
    %store/vec4 v0x55a5fa5a9b30_0, 0, 32;
    %jmp T_4.35;
T_4.33 ;
    %pushi/vec4 4, 0, 4;
    %store/vec4 v0x55a5fa5a9c10_0, 0, 4;
    %load/vec4 v0x55a5fa5a9f10_0;
    %ix/load 4, 16, 0;
    %flag_set/imm 4, 0;
    %shiftl 4;
    %store/vec4 v0x55a5fa5a9b30_0, 0, 32;
    %jmp T_4.35;
T_4.34 ;
    %pushi/vec4 8, 0, 4;
    %store/vec4 v0x55a5fa5a9c10_0, 0, 4;
    %load/vec4 v0x55a5fa5a9f10_0;
    %ix/load 4, 24, 0;
    %flag_set/imm 4, 0;
    %shiftl 4;
    %store/vec4 v0x55a5fa5a9b30_0, 0, 32;
    %jmp T_4.35;
T_4.35 ;
    %pop/vec4 1;
    %jmp T_4.12;
T_4.10 ;
    %load/vec4 v0x55a5fa5a9940_0;
    %parti/s 2, 0, 2;
    %dup/vec4;
    %pushi/vec4 0, 0, 2;
    %cmp/u;
    %jmp/1 T_4.36, 6;
    %dup/vec4;
    %pushi/vec4 2, 0, 2;
    %cmp/u;
    %jmp/1 T_4.37, 6;
    %jmp T_4.38;
T_4.36 ;
    %pushi/vec4 3, 0, 4;
    %store/vec4 v0x55a5fa5a9c10_0, 0, 4;
    %load/vec4 v0x55a5fa5a9f10_0;
    %store/vec4 v0x55a5fa5a9b30_0, 0, 32;
    %jmp T_4.38;
T_4.37 ;
    %pushi/vec4 12, 0, 4;
    %store/vec4 v0x55a5fa5a9c10_0, 0, 4;
    %load/vec4 v0x55a5fa5a9f10_0;
    %ix/load 4, 16, 0;
    %flag_set/imm 4, 0;
    %shiftl 4;
    %store/vec4 v0x55a5fa5a9b30_0, 0, 32;
    %jmp T_4.38;
T_4.38 ;
    %pop/vec4 1;
    %jmp T_4.12;
T_4.11 ;
    %load/vec4 v0x55a5fa5a9940_0;
    %parti/s 2, 0, 2;
    %dup/vec4;
    %pushi/vec4 0, 0, 2;
    %cmp/u;
    %jmp/1 T_4.39, 6;
    %jmp T_4.40;
T_4.39 ;
    %pushi/vec4 15, 0, 4;
    %store/vec4 v0x55a5fa5a9c10_0, 0, 4;
    %load/vec4 v0x55a5fa5a9f10_0;
    %store/vec4 v0x55a5fa5a9b30_0, 0, 32;
    %jmp T_4.40;
T_4.40 ;
    %pop/vec4 1;
    %jmp T_4.12;
T_4.12 ;
    %pop/vec4 1;
    %jmp T_4.3;
T_4.2 ;
    %load/vec4 v0x55a5fa5a9db0_0;
    %parti/s 3, 3, 3;
    %cmpi/e 4, 0, 3;
    %jmp/0xz  T_4.41, 4;
    %load/vec4 v0x55a5fa5a9db0_0;
    %parti/s 3, 0, 2;
    %dup/vec4;
    %pushi/vec4 0, 0, 3;
    %cmp/u;
    %jmp/1 T_4.43, 6;
    %dup/vec4;
    %pushi/vec4 1, 0, 3;
    %cmp/u;
    %jmp/1 T_4.44, 6;
    %dup/vec4;
    %pushi/vec4 4, 0, 3;
    %cmp/u;
    %jmp/1 T_4.45, 6;
    %dup/vec4;
    %pushi/vec4 5, 0, 3;
    %cmp/u;
    %jmp/1 T_4.46, 6;
    %dup/vec4;
    %pushi/vec4 6, 0, 3;
    %cmp/u;
    %jmp/1 T_4.47, 6;
    %dup/vec4;
    %pushi/vec4 7, 0, 3;
    %cmp/u;
    %jmp/1 T_4.48, 6;
    %jmp T_4.49;
T_4.43 ;
    %pushi/vec4 56, 0, 6;
    %store/vec4 v0x55a5fa5a9870_0, 0, 6;
    %load/vec4 v0x55a5fa5aa0a0_0;
    %cmpi/e 0, 0, 32;
    %jmp/0xz  T_4.50, 4;
    %load/vec4 v0x55a5fa5a9690_0;
    %load/vec4 v0x55a5fa5a9cf0_0;
    %add;
    %store/vec4 v0x55a5fa5a9790_0, 0, 32;
T_4.50 ;
    %jmp T_4.49;
T_4.44 ;
    %pushi/vec4 56, 0, 6;
    %store/vec4 v0x55a5fa5a9870_0, 0, 6;
    %load/vec4 v0x55a5fa5aa0a0_0;
    %cmpi/ne 0, 0, 32;
    %jmp/0xz  T_4.52, 4;
    %load/vec4 v0x55a5fa5a9690_0;
    %load/vec4 v0x55a5fa5a9cf0_0;
    %add;
    %store/vec4 v0x55a5fa5a9790_0, 0, 32;
T_4.52 ;
    %jmp T_4.49;
T_4.45 ;
    %pushi/vec4 42, 0, 6;
    %store/vec4 v0x55a5fa5a9870_0, 0, 6;
    %load/vec4 v0x55a5fa5aa0a0_0;
    %parti/s 1, 0, 2;
    %flag_set/vec4 8;
    %jmp/0xz  T_4.54, 8;
    %load/vec4 v0x55a5fa5a9690_0;
    %load/vec4 v0x55a5fa5a9cf0_0;
    %add;
    %store/vec4 v0x55a5fa5a9790_0, 0, 32;
T_4.54 ;
    %jmp T_4.49;
T_4.46 ;
    %pushi/vec4 42, 0, 6;
    %store/vec4 v0x55a5fa5a9870_0, 0, 6;
    %load/vec4 v0x55a5fa5aa0a0_0;
    %parti/s 1, 0, 2;
    %nor/r;
    %flag_set/vec4 8;
    %jmp/0xz  T_4.56, 8;
    %load/vec4 v0x55a5fa5a9690_0;
    %load/vec4 v0x55a5fa5a9cf0_0;
    %add;
    %store/vec4 v0x55a5fa5a9790_0, 0, 32;
T_4.56 ;
    %jmp T_4.49;
T_4.47 ;
    %pushi/vec4 43, 0, 6;
    %store/vec4 v0x55a5fa5a9870_0, 0, 6;
    %load/vec4 v0x55a5fa5aa0a0_0;
    %parti/s 1, 0, 2;
    %flag_set/vec4 8;
    %jmp/0xz  T_4.58, 8;
    %load/vec4 v0x55a5fa5a9690_0;
    %load/vec4 v0x55a5fa5a9cf0_0;
    %add;
    %store/vec4 v0x55a5fa5a9790_0, 0, 32;
T_4.58 ;
    %jmp T_4.49;
T_4.48 ;
    %pushi/vec4 43, 0, 6;
    %store/vec4 v0x55a5fa5a9870_0, 0, 6;
    %load/vec4 v0x55a5fa5aa0a0_0;
    %parti/s 1, 0, 2;
    %nor/r;
    %flag_set/vec4 8;
    %jmp/0xz  T_4.60, 8;
    %load/vec4 v0x55a5fa5a9690_0;
    %load/vec4 v0x55a5fa5a9cf0_0;
    %add;
    %store/vec4 v0x55a5fa5a9790_0, 0, 32;
T_4.60 ;
    %jmp T_4.49;
T_4.49 ;
    %pop/vec4 1;
    %jmp T_4.42;
T_4.41 ;
    %load/vec4 v0x55a5fa5a9db0_0;
    %parti/s 3, 3, 3;
    %cmpi/e 0, 0, 3;
    %jmp/0xz  T_4.62, 4;
    %pushi/vec4 1, 0, 1;
    %store/vec4 v0x55a5fa5aa190_0, 0, 1;
    %load/vec4 v0x55a5fa5a9db0_0;
    %parti/s 3, 0, 2;
    %dup/vec4;
    %pushi/vec4 4, 0, 3;
    %cmp/u;
    %jmp/1 T_4.64, 6;
    %dup/vec4;
    %pushi/vec4 5, 0, 3;
    %cmp/u;
    %jmp/1 T_4.65, 6;
    %dup/vec4;
    %pushi/vec4 2, 0, 3;
    %cmp/u;
    %jmp/1 T_4.66, 6;
    %dup/vec4;
    %pushi/vec4 6, 0, 3;
    %cmp/u;
    %jmp/1 T_4.67, 6;
    %jmp T_4.68;
T_4.64 ;
    %pushi/vec4 8, 0, 6;
    %store/vec4 v0x55a5fa5a9870_0, 0, 6;
    %load/vec4 v0x55a5fa5a9690_0;
    %addi 4, 0, 32;
    %store/vec4 v0x55a5fa5a9fe0_0, 0, 32;
    %load/vec4 v0x55a5fa5aa0a0_0;
    %parti/s 31, 1, 2;
    %concati/vec4 0, 0, 1;
    %store/vec4 v0x55a5fa5a9790_0, 0, 32;
    %jmp T_4.68;
T_4.65 ;
    %load/vec4 v0x55a5fa5a9690_0;
    %addi 4, 0, 32;
    %store/vec4 v0x55a5fa5a9fe0_0, 0, 32;
    %load/vec4 v0x55a5fa5a9690_0;
    %load/vec4 v0x55a5fa5a9cf0_0;
    %add;
    %store/vec4 v0x55a5fa5a9790_0, 0, 32;
    %jmp T_4.68;
T_4.66 ;
    %load/vec4 v0x55a5fa5a9690_0;
    %load/vec4 v0x55a5fa5a9cf0_0;
    %add;
    %store/vec4 v0x55a5fa5a9fe0_0, 0, 32;
    %jmp T_4.68;
T_4.67 ;
    %load/vec4 v0x55a5fa5a9cf0_0;
    %store/vec4 v0x55a5fa5a9fe0_0, 0, 32;
    %jmp T_4.68;
T_4.68 ;
    %pop/vec4 1;
T_4.62 ;
T_4.42 ;
T_4.3 ;
T_4.1 ;
    %jmp T_4;
    .thread T_4, $push;
    .scope S_0x55a5fa545930;
T_5 ;
    %wait E_0x55a5fa53f4c0;
    %load/vec4 v0x55a5fa5acaa0_0;
    %store/vec4 v0x55a5fa5ab890_0, 0, 32;
    %load/vec4 v0x55a5fa5acb40_0;
    %store/vec4 v0x55a5fa5aba60_0, 0, 32;
    %load/vec4 v0x55a5fa5acbe0_0;
    %store/vec4 v0x55a5fa5abb20_0, 0, 4;
    %jmp T_5;
    .thread T_5, $push;
    .scope S_0x55a5fa545930;
T_6 ;
    %wait E_0x55a5fa589720;
    %load/vec4 v0x55a5fa5ac2e0_0;
    %flag_set/vec4 8;
    %jmp/0xz  T_6.0, 8;
    %pushi/vec4 0, 0, 32;
    %assign/vec4 v0x55a5fa5abc00_0, 0;
    %pushi/vec4 0, 0, 32;
    %assign/vec4 v0x55a5fa5ab890_0, 0;
    %pushi/vec4 0, 0, 32;
    %assign/vec4 v0x55a5fa5aba60_0, 0;
    %pushi/vec4 0, 0, 4;
    %assign/vec4 v0x55a5fa5abb20_0, 0;
    %jmp T_6.1;
T_6.0 ;
    %load/vec4 v0x55a5fa5ab570_0;
    %assign/vec4 v0x55a5fa5abc00_0, 0;
T_6.1 ;
    %jmp T_6;
    .thread T_6;
# The file index is used to find the file name in the following table.
:file_names 7;
    "N/A";
    "<interactive>";
    "cpu.v";
    "alu32.v";
    "decoder.v";
    "control.v";
    "regfile.v";
